Build started 11/02/2015 12:57:29.
     1>Project "C:\Users\Gavin\Desktop\DigitalDemo\G4JP_15_C\RWM_P2_GroupB.vcxproj" on node 2 (Build target(s)).
     1>ClCompile:
         C:\Program Files (x86)\Microsoft Visual Studio 11.0\VC\bin\CL.exe /c /I./ /ZI /nologo /W3 /WX- /Od /Oy- /D WIN32 /D _DEBUG /D _CONSOLE /D _UNICODE /D UNICODE /Gm /EHsc /RTC1 /MDd /GS /fp:precise /Zc:wchar_t /Zc:forScope /Fo"Debug\\" /Fd"Debug\vc110.pdb" /Gd /TP /analyze- /errorReport:prompt Entity.cpp
         Entity.cpp
     1>c:\users\gavin\desktop\digitaldemo\g4jp_15_c\entity.cpp(28): warning C4244: '=' : conversion from 'float32' to 'int', possible loss of data
     1>c:\users\gavin\desktop\digitaldemo\g4jp_15_c\entity.cpp(29): warning C4244: '=' : conversion from 'float32' to 'int', possible loss of data
     1>c:\users\gavin\desktop\digitaldemo\g4jp_15_c\entity.cpp(30): warning C4244: '=' : conversion from 'float32' to 'int', possible loss of data
     1>c:\users\gavin\desktop\digitaldemo\g4jp_15_c\entity.cpp(31): warning C4244: '=' : conversion from 'float32' to 'int', possible loss of data
     1>c:\users\gavin\desktop\digitaldemo\g4jp_15_c\entity.cpp(44): warning C4305: '-=' : truncation from 'double' to 'float32'
     1>c:\users\gavin\desktop\digitaldemo\g4jp_15_c\entity.cpp(48): warning C4305: '+=' : truncation from 'double' to 'float32'
     1>c:\users\gavin\desktop\digitaldemo\g4jp_15_c\entity.cpp(52): warning C4305: '-=' : truncation from 'double' to 'float32'
     1>c:\users\gavin\desktop\digitaldemo\g4jp_15_c\entity.cpp(56): warning C4305: '+=' : truncation from 'double' to 'float32'
     1>c:\users\gavin\desktop\digitaldemo\g4jp_15_c\entity.cpp(115): warning C4244: '=' : conversion from 'float32' to 'int', possible loss of data
     1>c:\users\gavin\desktop\digitaldemo\g4jp_15_c\entity.cpp(116): warning C4244: '=' : conversion from 'float32' to 'int', possible loss of data
     1>c:\users\gavin\desktop\digitaldemo\g4jp_15_c\entity.cpp(117): warning C4244: '=' : conversion from 'float32' to 'int', possible loss of data
     1>c:\users\gavin\desktop\digitaldemo\g4jp_15_c\entity.cpp(118): warning C4244: '=' : conversion from 'float32' to 'int', possible loss of data
     1>c:\users\gavin\desktop\digitaldemo\g4jp_15_c\entity.cpp(126): warning C4244: '=' : conversion from 'float32' to 'int', possible loss of data
     1>c:\users\gavin\desktop\digitaldemo\g4jp_15_c\entity.cpp(127): warning C4244: '=' : conversion from 'float32' to 'int', possible loss of data
     1>c:\users\gavin\desktop\digitaldemo\g4jp_15_c\entity.cpp(128): warning C4244: '=' : conversion from 'float32' to 'int', possible loss of data
     1>c:\users\gavin\desktop\digitaldemo\g4jp_15_c\entity.cpp(129): warning C4244: '=' : conversion from 'float32' to 'int', possible loss of data
       Link:
         C:\Program Files (x86)\Microsoft Visual Studio 11.0\VC\bin\link.exe /ERRORREPORT:PROMPT /OUT:"C:\Users\Gavin\Desktop\DigitalDemo\G4JP_15_C\Debug\G4JP_15_C.exe" /INCREMENTAL /NOLOGO /LIBPATH:./lib SDL2_ttf.lib Box2D.lib SDL2.lib SDL2main.lib SDL2_image.lib kernel32.lib user32.lib gdi32.lib winspool.lib comdlg32.lib advapi32.lib shell32.lib ole32.lib oleaut32.lib uuid.lib odbc32.lib odbccp32.lib /MANIFEST /MANIFESTUAC:"level='asInvoker' uiAccess='false'" /manifest:embed /DEBUG /PDB:"C:\Users\Gavin\Desktop\DigitalDemo\G4JP_15_C\Debug\G4JP_15_C.pdb" /SUBSYSTEM:CONSOLE /TLBID:1 /DYNAMICBASE /NXCOMPAT /IMPLIB:"C:\Users\Gavin\Desktop\DigitalDemo\G4JP_15_C\Debug\G4JP_15_C.lib" /MACHINE:X86 Debug\Game.obj
         Debug\KeyboardManager.obj
         Debug\Main.obj
         Debug\Entity.obj
         RWM_P2_GroupB.vcxproj -> C:\Users\Gavin\Desktop\DigitalDemo\G4JP_15_C\Debug\G4JP_15_C.exe
     1>Done Building Project "C:\Users\Gavin\Desktop\DigitalDemo\G4JP_15_C\RWM_P2_GroupB.vcxproj" (Build target(s)).

Build succeeded.

Time Elapsed 00:00:00.82
